<?xml version="1.0" encoding="UTF-8"?>
<!-- Generated by org.testng.reporters.JUnitReportReporter -->
<testsuite skipped="0" hostname="MMLDVKRISHT" name="Comments" tests="2" failures="0" timestamp="30 Oct 2019 14:11:11 GMT" time="47.809" errors="0">
  <testcase name="analyzeComments" time="8.178" classname="Comments"/>
  <testcase name="checkBlacklistedKeyowrds" time="39.631" classname="Comments"/>
</testsuite> <!-- Comments -->
