<?xml version="1.0" encoding="UTF-8"?>
<!-- Generated by org.testng.reporters.JUnitReportReporter -->
<testsuite skipped="0" hostname="MMLDVKRISHT" name="Advisor" tests="1" failures="0" timestamp="30 Oct 2019 14:11:11 GMT" time="59.069" errors="0">
  <testcase name="testUntitledTestCase" time="59.069" classname="Advisor"/>
</testsuite> <!-- Advisor -->
