<?xml version="1.0" encoding="UTF-8"?>
<!-- Generated by org.testng.reporters.JUnitReportReporter -->
<testsuite skipped="0" hostname="MMLDVKRISH" name="Advisor.AdvisorHeader" tests="1" failures="0" timestamp="10 Dec 2019 15:26:32 GMT" time="1194.141" errors="0">
  <testcase name="advisorHeaderCheck" time="1194.141" classname="Advisor.AdvisorHeader"/>
</testsuite> <!-- Advisor.AdvisorHeader -->
