<?xml version="1.0" encoding="UTF-8"?>
<!-- Generated by org.testng.reporters.JUnitReportReporter -->
<testsuite skipped="0" hostname="MMLDVKRISHT" name="Advisor.Advisor" tests="1" failures="0" timestamp="19 Nov 2019 14:41:22 GMT" time="310.101" errors="0">
  <testcase name="testUntitledTestCase" time="310.101" classname="Advisor.Advisor"/>
</testsuite> <!-- Advisor.Advisor -->
